{ Using PSTWRITER 16.6.0 d001Aug-27-2016 at 17:52:58 }

#1 WARNING(ORCAP-36038): "No_connect" property on Pin "U3.2" ignored for U3: SCHEMATIC1, PAGE1 (96.52, 68.58). Connecting pin to net "RX".
#2 WARNING(ORCAP-36038): "No_connect" property on Pin "U3.3" ignored for U3: SCHEMATIC1, PAGE1 (96.52, 68.58). Connecting pin to net "TX".
#3 WARNING(ORCAP-36038): "No_connect" property on Pin "U3.12" ignored for U3: SCHEMATIC1, PAGE1 (96.52, 68.58). Connecting pin to net "PROG_LED".
#4 WARNING(ORCAP-36038): "No_connect" property on Pin "U3.4" ignored for U3: SCHEMATIC1, PAGE1 (96.52, 68.58). Connecting pin to net "MIN".
#5 WARNING(ORCAP-36038): "No_connect" property on Pin "U3.5" ignored for U3: SCHEMATIC1, PAGE1 (96.52, 68.58). Connecting pin to net "SEG".
#6 WARNING(ORCAP-36038): "No_connect" property on Pin "U3.23" ignored for U3: SCHEMATIC1, PAGE1 (96.52, 68.58). Connecting pin to net "RELAY_CNTRL".
#7 WARNING(ORCAP-36006): Part Name "1N6266/TO_0_SMDLED_67X35_1N6266/TO" is renamed to "1N6266/TO_0_SMDLED_67X35_1N6266".
#8 WARNING(ORCAP-36006): Part Name "CON3_JACK_HEMBRA_INSOLADORA_POWER" is renamed to "CON3_JACK_HEMBRA_INSOLADORA_POW".
#9 WARNING(ORCAP-36006): Part Name "SW PUSHBUTTON_SMD_PUSHBUTTON_SW PUSHBUTTON" is renamed to "SW PUSHBUTTON_SMD_PUSHBUTTON_SW".
#10 WARNING(ORCAP-36006): Part Name "SW MAG-SPDT_INTERRUPTOR_INSOLADORA_SW MAG-SPDT" is renamed to "SW MAG-SPDT_INTERRUPTOR_INSOLAD".
#11 WARNING(ORCAP-36006): Part Name "LMB162H_LCD_0_LMB162H_LCD_LMB162H" is renamed to "LMB162H_LCD_0_LMB162H_LCD_LMB16".
#12 WARNING(ORCAP-36006): Part Name "ATMEGA328P_ATMEGA328P_ATMEGA328P" is renamed to "ATMEGA328P_ATMEGA328P_ATMEGA328".
#13 WARNING(ORCAP-36006): Part Name "RZ03_1C4_D005_RZ03_1C4_D005_RZ03_1C4_D005" is renamed to "RZ03_1C4_D005_RZ03_1C4_D005_RZ0".
#14 WARNING(ORCAP-36006): Part Name "CRYSTAL_CRISTAL16MHZ_CRYSTAL 16 MHZ" is renamed to "CRYSTAL_CRISTAL16MHZ_CRYSTAL 16".
INFO(ORCAP-36080): Scanning netlist files ...

Loading... C:\USERS\USUARIO\DESKTOP\INSOLADORA_V2\INSOLADORA_ESQUEMATICOS\allegro/pstchip.dat

Loading... C:\USERS\USUARIO\DESKTOP\INSOLADORA_V2\INSOLADORA_ESQUEMATICOS\allegro/pstchip.dat

Loading... C:\USERS\USUARIO\DESKTOP\INSOLADORA_V2\INSOLADORA_ESQUEMATICOS\allegro/pstxprt.dat

Loading... C:\USERS\USUARIO\DESKTOP\INSOLADORA_V2\INSOLADORA_ESQUEMATICOS\allegro/pstxnet.dat
packaging the design view...