Removed Pin From Net: NetName=NetQ1_1 Pin=R3-1
Removed Pin From Net: NetName=555_MODE Pin=U4-10
Added Component: Designator=C12(CAPAE5043X55M)
Added Component: Designator=Q3(SOT-23)
Added Component: Designator=Q4(SOT-23)
Added Component: Designator=R4(RES_1206_N)
Added Component: Designator=R5(RES_1206_N)
Added Component: Designator=R6(RES_1206_N)
Added Pin To Net: NetName=GND Pin=C12-2
Added Pin To Net: NetName=NetQ1_1 Pin=Q3-2
Added Pin To Net: NetName=VCC Pin=Q3-3
Added Pin To Net: NetName=NetQ1_1 Pin=Q4-2
Added Pin To Net: NetName=GND Pin=Q4-3
Added Pin To Net: NetName=555_MODE Pin=R5-1
Added Pin To Net: NetName=NetC12_1 Pin=C12-1
Added Pin To Net: NetName=NetC12_1 Pin=R6-1
Added Pin To Net: NetName=NetC12_1 Pin=U4-10
Added Net: Name=NetC12_1
Added Pin To Net: NetName=NetQ3_1 Pin=Q3-1
Added Pin To Net: NetName=NetQ3_1 Pin=Q4-1
Added Pin To Net: NetName=NetQ3_1 Pin=R3-1
Added Net: Name=NetQ3_1
Added Pin To Net: NetName=NetR4_1 Pin=R4-1
Added Pin To Net: NetName=NetR4_1 Pin=R5-2
Added Net: Name=NetR4_1
Added Pin To Net: NetName=NetR4_2 Pin=R4-2
Added Pin To Net: NetName=NetR4_2 Pin=R6-2
Added Net: Name=NetR4_2
Added Member To Class: ClassName=SC_generator Member=Component C12 Cap Electrol
Added Member To Class: ClassName=SC_generator Member=Component Q3 PMMT491A
Added Member To Class: ClassName=SC_generator Member=Component Q4 PBHV9115T
Added Member To Class: ClassName=SC_generator Member=Component R4 Res semi
Added Member To Class: ClassName=SC_generator Member=Component R5 Res semi
Added Member To Class: ClassName=SC_generator Member=Component R6 Res semi
