Conversión de STEP a Solid Edge
Fecha: lunes,agosto 22,2016 12:33
Archivo fuente: C:\Users\Usuario\Desktop\Insoladora_v2\3D\PCB_Altium\LEDS_UV\PCB_LEDS.step
Autor: Author
Organización: Open CASCADE
Sistema de origen: Open CASCADE 6.8

Equipo:
Procesador: Intel(R) Core(TM) i7-3630QM CPU @ 2.40GHz
Sistema operativo: Windows 7 Home Service Pack 1
Memoria instalada: 7.89 GB

Información del software
Versión de Parasolid: 28.0.143
Versión de PSBodyShop: 28.0.80
Versión de Step Adapter: 1.0.820
Versión de Solid Edge: 108.00.00.091 x64

Opciones de importación de STEP
Importar cuerpos facetados: Activado
Importar cuerpos revisados: Desactivado
Importar curvas: Activado
Importar sin guardar: Activado
Importar varios cuerpos como archivo de una pieza: Activado
Importar superficies unidas: Activado
Importar sólidos booleanos: Activado
Crear operación base: Activado
Simplificar geometría: Activado
Importar curvas estampadas: Activado
Importar unidad de disco: C:
Importar superficies unidas: Activado
Importar superficies: Activado
Importar vía de acceso de salida: C:\Users\Usuario\Desktop\Insoladora_v2\3D\PCB_Altium\LEDS_UV
Importar con vía de acceso de salida predeterminada habilitada: Activado
Importar vía de acceso: 

Convirtiendo a tipos de datos Parasolid...
Proceso de conversión completado
Tiempo total requerido para convertir y posprocesar:00 : 00 : 05
