STEP translation to Solid Edge
Date: domingo,mayo 06,2018 12:52
Source File: C:\Users\pablo\Desktop\SC_generator\03_SC_generator_3D_model\01_parts\SC_generator_PCB_3D_model\SC_generator.step
Author: Author
Organization: Open CASCADE
Source System: Open CASCADE 6.8

Hardware:
Processor: Intel(R) Core(TM) i7-3630QM CPU @ 2.40GHz
Operating System: Windows 8 Professional
Installed Memory: 7.89 GB

Software Information
Parasolid Version: 29.0.122
PSBodyShop Version: 29.0.68
Step Adapter Version: 2.0.152
Solid Edge Version: 109.00.00.111 x64

Step Import Options
Import Faceted Bodies: On
Import Check Bodies: Off
Import Curves: On
Import DoNotSave: On
Import Multiple Bodies As Single Part File: On
Import Stitch Surfaces: On
Import Boolean Solids: On
Make Base Feature: On
Simplify Geometry: On
Import Imprint Curves: On
Import Drive: C:
Import Stitch Surfaces: On
Import Surfaces: On
Import Output Path: C:\Users\pablo\Desktop\SC_generator\03_SC_generator_3D_model\01_parts\SC_generator_PCB_3D_model
Import Enable Default Output Path: On
Import Path: 

Translating to Parasolid data types...
+Begin Assembly: 1
+Created SE Assembly File C:\Users\pablo\Desktop\SC_generator\03_SC_generator_3D_model\01_parts\SC_generator_PCB_3D_model\SC_generator.asm
|--+Created SE Part File C:\Users\pablo\Desktop\SC_generator\03_SC_generator_3D_model\01_parts\SC_generator_PCB_3D_model\Board.par
|--+Begin Assembly: 2
|--+Created SE Assembly File C:\Users\pablo\Desktop\SC_generator\03_SC_generator_3D_model\01_parts\SC_generator_PCB_3D_model\P2.asm
|  |--+Created SE Part File C:\Users\pablo\Desktop\SC_generator\03_SC_generator_3D_model\01_parts\SC_generator_PCB_3D_model\CUI_PJ-059A_jack_2.1_5.5_female.par
|--+Total Parts: 10
|--+Assemblies: 0
|--+Solid Bodies: 10
|--+Sheet Bodies: 0
|--+End Assembly: 2
|--+Begin Assembly: 2
|--+Created SE Assembly File C:\Users\pablo\Desktop\SC_generator\03_SC_generator_3D_model\01_parts\SC_generator_PCB_3D_model\D5.asm
|  |--+Created SE Part File C:\Users\pablo\Desktop\SC_generator\03_SC_generator_3D_model\01_parts\SC_generator_PCB_3D_model\SOD123.par
|--+Total Parts: 2
|--+Assemblies: 0
|--+Solid Bodies: 2
|--+Sheet Bodies: 0
|--+End Assembly: 2
|--+Begin Assembly: 2
|--+Created SE Assembly File C:\Users\pablo\Desktop\SC_generator\03_SC_generator_3D_model\01_parts\SC_generator_PCB_3D_model\C4.asm
|  |--+Created SE Part File C:\Users\pablo\Desktop\SC_generator\03_SC_generator_3D_model\01_parts\SC_generator_PCB_3D_model\SMD_CAPACITOR_0805.par
|--+Total Parts: 2
|--+Assemblies: 0
|--+Solid Bodies: 2
|--+Sheet Bodies: 0
|--+End Assembly: 2
|--+Begin Assembly: 2
|--+Created SE Assembly File C:\Users\pablo\Desktop\SC_generator\03_SC_generator_3D_model\01_parts\SC_generator_PCB_3D_model\C1.asm
|  |--+Reusing File C:\Users\pablo\Desktop\SC_generator\03_SC_generator_3D_model\01_parts\SC_generator_PCB_3D_model\SMD_CAPACITOR_0805.par
|--+Total Parts: 1
|--+Assemblies: 0
|--+Solid Bodies: 1
|--+Sheet Bodies: 0
|--+End Assembly: 2
|--+Begin Assembly: 2
|--+Created SE Assembly File C:\Users\pablo\Desktop\SC_generator\03_SC_generator_3D_model\01_parts\SC_generator_PCB_3D_model\TP2.asm
|  |--+Created SE Part File C:\Users\pablo\Desktop\SC_generator\03_SC_generator_3D_model\01_parts\SC_generator_PCB_3D_model\TP_SMD.par
|--+Total Parts: 2
|--+Assemblies: 0
|--+Solid Bodies: 2
|--+Sheet Bodies: 0
|--+End Assembly: 2
|--+Begin Assembly: 2
|--+Created SE Assembly File C:\Users\pablo\Desktop\SC_generator\03_SC_generator_3D_model\01_parts\SC_generator_PCB_3D_model\TP1.asm
|  |--+Created SE Part File C:\Users\pablo\Desktop\SC_generator\03_SC_generator_3D_model\01_parts\SC_generator_PCB_3D_model\TP_SMD_pin.par
|--+Total Parts: 2
|--+Assemblies: 0
|--+Solid Bodies: 2
|--+Sheet Bodies: 0
|--+End Assembly: 2
|--+Begin Assembly: 2
|--+Created SE Assembly File C:\Users\pablo\Desktop\SC_generator\03_SC_generator_3D_model\01_parts\SC_generator_PCB_3D_model\C2.asm
|  |--+Created SE Part File C:\Users\pablo\Desktop\SC_generator\03_SC_generator_3D_model\01_parts\SC_generator_PCB_3D_model\capacitor_can_size_B.par
|--+Total Parts: 2
|--+Assemblies: 0
|--+Solid Bodies: 2
|--+Sheet Bodies: 0
|--+End Assembly: 2
|--+Begin Assembly: 2
|--+Created SE Assembly File C:\Users\pablo\Desktop\SC_generator\03_SC_generator_3D_model\01_parts\SC_generator_PCB_3D_model\C3.asm
|  |--+Reusing File C:\Users\pablo\Desktop\SC_generator\03_SC_generator_3D_model\01_parts\SC_generator_PCB_3D_model\SMD_CAPACITOR_0805.par
|--+Total Parts: 1
|--+Assemblies: 0
|--+Solid Bodies: 1
|--+Sheet Bodies: 0
|--+End Assembly: 2
|--+Begin Assembly: 2
|--+Created SE Assembly File C:\Users\pablo\Desktop\SC_generator\03_SC_generator_3D_model\01_parts\SC_generator_PCB_3D_model\C5.asm
|  |--+Reusing File C:\Users\pablo\Desktop\SC_generator\03_SC_generator_3D_model\01_parts\SC_generator_PCB_3D_model\SMD_CAPACITOR_0805.par
|--+Total Parts: 1
|--+Assemblies: 0
|--+Solid Bodies: 1
|--+Sheet Bodies: 0
|--+End Assembly: 2
|--+Begin Assembly: 2
|--+Created SE Assembly File C:\Users\pablo\Desktop\SC_generator\03_SC_generator_3D_model\01_parts\SC_generator_PCB_3D_model\C6.asm
|  |--+Reusing File C:\Users\pablo\Desktop\SC_generator\03_SC_generator_3D_model\01_parts\SC_generator_PCB_3D_model\SMD_CAPACITOR_0805.par
|--+Total Parts: 1
|--+Assemblies: 0
|--+Solid Bodies: 1
|--+Sheet Bodies: 0
|--+End Assembly: 2
|--+Begin Assembly: 2
|--+Created SE Assembly File C:\Users\pablo\Desktop\SC_generator\03_SC_generator_3D_model\01_parts\SC_generator_PCB_3D_model\C7.asm
|  |--+Reusing File C:\Users\pablo\Desktop\SC_generator\03_SC_generator_3D_model\01_parts\SC_generator_PCB_3D_model\SMD_CAPACITOR_0805.par
|--+Total Parts: 1
|--+Assemblies: 0
|--+Solid Bodies: 1
|--+Sheet Bodies: 0
|--+End Assembly: 2
|--+Begin Assembly: 2
|--+Created SE Assembly File C:\Users\pablo\Desktop\SC_generator\03_SC_generator_3D_model\01_parts\SC_generator_PCB_3D_model\C8.asm
|  |--+Reusing File C:\Users\pablo\Desktop\SC_generator\03_SC_generator_3D_model\01_parts\SC_generator_PCB_3D_model\SMD_CAPACITOR_0805.par
|--+Total Parts: 1
|--+Assemblies: 0
|--+Solid Bodies: 1
|--+Sheet Bodies: 0
|--+End Assembly: 2
|--+Begin Assembly: 2
|--+Created SE Assembly File C:\Users\pablo\Desktop\SC_generator\03_SC_generator_3D_model\01_parts\SC_generator_PCB_3D_model\C9.asm
|  |--+Reusing File C:\Users\pablo\Desktop\SC_generator\03_SC_generator_3D_model\01_parts\SC_generator_PCB_3D_model\SMD_CAPACITOR_0805.par
|--+Total Parts: 1
|--+Assemblies: 0
|--+Solid Bodies: 1
|--+Sheet Bodies: 0
|--+End Assembly: 2
|--+Begin Assembly: 2
|--+Created SE Assembly File C:\Users\pablo\Desktop\SC_generator\03_SC_generator_3D_model\01_parts\SC_generator_PCB_3D_model\C10.asm
|  |--+Reusing File C:\Users\pablo\Desktop\SC_generator\03_SC_generator_3D_model\01_parts\SC_generator_PCB_3D_model\SMD_CAPACITOR_0805.par
|--+Total Parts: 1
|--+Assemblies: 0
|--+Solid Bodies: 1
|--+Sheet Bodies: 0
|--+End Assembly: 2
|--+Begin Assembly: 2
|--+Created SE Assembly File C:\Users\pablo\Desktop\SC_generator\03_SC_generator_3D_model\01_parts\SC_generator_PCB_3D_model\C11.asm
|  |--+Reusing File C:\Users\pablo\Desktop\SC_generator\03_SC_generator_3D_model\01_parts\SC_generator_PCB_3D_model\SMD_CAPACITOR_0805.par
|--+Total Parts: 1
|--+Assemblies: 0
|--+Solid Bodies: 1
|--+Sheet Bodies: 0
|--+End Assembly: 2
|--+Begin Assembly: 2
|--+Created SE Assembly File C:\Users\pablo\Desktop\SC_generator\03_SC_generator_3D_model\01_parts\SC_generator_PCB_3D_model\D1.asm
|  |--+Created SE Part File C:\Users\pablo\Desktop\SC_generator\03_SC_generator_3D_model\01_parts\SC_generator_PCB_3D_model\CHIPLED-0805.par
|--+Total Parts: 2
|--+Assemblies: 0
|--+Solid Bodies: 2
|--+Sheet Bodies: 0
|--+End Assembly: 2
|--+Begin Assembly: 2
|--+Created SE Assembly File C:\Users\pablo\Desktop\SC_generator\03_SC_generator_3D_model\01_parts\SC_generator_PCB_3D_model\D2.asm
|  |--+Reusing File C:\Users\pablo\Desktop\SC_generator\03_SC_generator_3D_model\01_parts\SC_generator_PCB_3D_model\CHIPLED-0805.par
|--+Total Parts: 1
|--+Assemblies: 0
|--+Solid Bodies: 1
|--+Sheet Bodies: 0
|--+End Assembly: 2
|--+Begin Assembly: 2
|--+Created SE Assembly File C:\Users\pablo\Desktop\SC_generator\03_SC_generator_3D_model\01_parts\SC_generator_PCB_3D_model\D3.asm
|  |--+Reusing File C:\Users\pablo\Desktop\SC_generator\03_SC_generator_3D_model\01_parts\SC_generator_PCB_3D_model\SOD123.par
|--+Total Parts: 1
|--+Assemblies: 0
|--+Solid Bodies: 1
|--+Sheet Bodies: 0
|--+End Assembly: 2
|--+Begin Assembly: 2
|--+Created SE Assembly File C:\Users\pablo\Desktop\SC_generator\03_SC_generator_3D_model\01_parts\SC_generator_PCB_3D_model\P1.asm
|  |--+Begin Assembly: 3
|  |--+Created SE Assembly File C:\Users\pablo\Desktop\SC_generator\03_SC_generator_3D_model\01_parts\SC_generator_PCB_3D_model\4mm_Socket.asm
|  |  |--+Created SE Part File C:\Users\pablo\Desktop\SC_generator\03_SC_generator_3D_model\01_parts\SC_generator_PCB_3D_model\User_Library-ST-351A_V2_-_RED_Insulator.par
|  |  |--+Created SE Part File C:\Users\pablo\Desktop\SC_generator\03_SC_generator_3D_model\01_parts\SC_generator_PCB_3D_model\User_Library-ST-351A_V2_-_RED_Metal.par
|  |--+Total Parts: 64
|  |--+Assemblies: 0
|  |--+Solid Bodies: 6
|  |--+Sheet Bodies: 58
|  |--+End Assembly: 3
|--+Total Parts: 1
|--+Assemblies: 1
|--+Solid Bodies: 0
|--+Sheet Bodies: 0
|--+End Assembly: 2
|--+Begin Assembly: 2
|--+Created SE Assembly File C:\Users\pablo\Desktop\SC_generator\03_SC_generator_3D_model\01_parts\SC_generator_PCB_3D_model\P3.asm
|  |--+Begin Assembly: 3
|  |--+Reusing File C:\Users\pablo\Desktop\SC_generator\03_SC_generator_3D_model\01_parts\SC_generator_PCB_3D_model\4mm_Socket.asm
|  |--+Total Parts: 0
|  |--+Assemblies: 0
|  |--+Solid Bodies: 0
|  |--+Sheet Bodies: 0
|  |--+End Assembly: 3
|--+Total Parts: 0
|--+Assemblies: 0
|--+Solid Bodies: 0
|--+Sheet Bodies: 0
|--+End Assembly: 2
|--+Begin Assembly: 2
|--+Created SE Assembly File C:\Users\pablo\Desktop\SC_generator\03_SC_generator_3D_model\01_parts\SC_generator_PCB_3D_model\P4.asm
|  |--+Created SE Part File C:\Users\pablo\Desktop\SC_generator\03_SC_generator_3D_model\01_parts\SC_generator_PCB_3D_model\Terminal_block_2_POS.par
|--+Total Parts: 14
|--+Assemblies: 0
|--+Solid Bodies: 14
|--+Sheet Bodies: 0
|--+End Assembly: 2
|--+Begin Assembly: 2
|--+Created SE Assembly File C:\Users\pablo\Desktop\SC_generator\03_SC_generator_3D_model\01_parts\SC_generator_PCB_3D_model\Q1.asm
|  |--+Created SE Part File C:\Users\pablo\Desktop\SC_generator\03_SC_generator_3D_model\01_parts\SC_generator_PCB_3D_model\TO-252.par
|--+Total Parts: 2
|--+Assemblies: 0
|--+Solid Bodies: 2
|--+Sheet Bodies: 0
|--+End Assembly: 2
|--+Begin Assembly: 2
|--+Created SE Assembly File C:\Users\pablo\Desktop\SC_generator\03_SC_generator_3D_model\01_parts\SC_generator_PCB_3D_model\Q2.asm
|  |--+Created SE Part File C:\Users\pablo\Desktop\SC_generator\03_SC_generator_3D_model\01_parts\SC_generator_PCB_3D_model\SOT-23_RGB8421504.par
|--+Total Parts: 2
|--+Assemblies: 0
|--+Solid Bodies: 2
|--+Sheet Bodies: 0
|--+End Assembly: 2
|--+Begin Assembly: 2
|--+Created SE Assembly File C:\Users\pablo\Desktop\SC_generator\03_SC_generator_3D_model\01_parts\SC_generator_PCB_3D_model\R1.asm
|  |--+Created SE Part File C:\Users\pablo\Desktop\SC_generator\03_SC_generator_3D_model\01_parts\SC_generator_PCB_3D_model\1206_SMD_Resistor.par
|--+Total Parts: 8
|--+Assemblies: 0
|--+Solid Bodies: 8
|--+Sheet Bodies: 0
|--+End Assembly: 2
|--+Begin Assembly: 2
|--+Created SE Assembly File C:\Users\pablo\Desktop\SC_generator\03_SC_generator_3D_model\01_parts\SC_generator_PCB_3D_model\R2.asm
|  |--+Reusing File C:\Users\pablo\Desktop\SC_generator\03_SC_generator_3D_model\01_parts\SC_generator_PCB_3D_model\1206_SMD_Resistor.par
|--+Total Parts: 4
|--+Assemblies: 0
|--+Solid Bodies: 4
|--+Sheet Bodies: 0
|--+End Assembly: 2
|--+Begin Assembly: 2
|--+Created SE Assembly File C:\Users\pablo\Desktop\SC_generator\03_SC_generator_3D_model\01_parts\SC_generator_PCB_3D_model\R3.asm
|  |--+Reusing File C:\Users\pablo\Desktop\SC_generator\03_SC_generator_3D_model\01_parts\SC_generator_PCB_3D_model\1206_SMD_Resistor.par
|--+Total Parts: 4
|--+Assemblies: 0
|--+Solid Bodies: 4
|--+Sheet Bodies: 0
|--+End Assembly: 2
|--+Begin Assembly: 2
|--+Created SE Assembly File C:\Users\pablo\Desktop\SC_generator\03_SC_generator_3D_model\01_parts\SC_generator_PCB_3D_model\R7.asm
|  |--+Reusing File C:\Users\pablo\Desktop\SC_generator\03_SC_generator_3D_model\01_parts\SC_generator_PCB_3D_model\1206_SMD_Resistor.par
|--+Total Parts: 4
|--+Assemblies: 0
|--+Solid Bodies: 4
|--+Sheet Bodies: 0
|--+End Assembly: 2
|--+Begin Assembly: 2
|--+Created SE Assembly File C:\Users\pablo\Desktop\SC_generator\03_SC_generator_3D_model\01_parts\SC_generator_PCB_3D_model\R8.asm
|  |--+Created SE Part File C:\Users\pablo\Desktop\SC_generator\03_SC_generator_3D_model\01_parts\SC_generator_PCB_3D_model\3361p001.par
|--+Total Parts: 2
|--+Assemblies: 0
|--+Solid Bodies: 2
|--+Sheet Bodies: 0
|--+End Assembly: 2
|--+Begin Assembly: 2
|--+Created SE Assembly File C:\Users\pablo\Desktop\SC_generator\03_SC_generator_3D_model\01_parts\SC_generator_PCB_3D_model\R10.asm
|  |--+Reusing File C:\Users\pablo\Desktop\SC_generator\03_SC_generator_3D_model\01_parts\SC_generator_PCB_3D_model\1206_SMD_Resistor.par
|--+Total Parts: 4
|--+Assemblies: 0
|--+Solid Bodies: 4
|--+Sheet Bodies: 0
|--+End Assembly: 2
|--+Begin Assembly: 2
|--+Created SE Assembly File C:\Users\pablo\Desktop\SC_generator\03_SC_generator_3D_model\01_parts\SC_generator_PCB_3D_model\R11.asm
|  |--+Reusing File C:\Users\pablo\Desktop\SC_generator\03_SC_generator_3D_model\01_parts\SC_generator_PCB_3D_model\1206_SMD_Resistor.par
|--+Total Parts: 4
|--+Assemblies: 0
|--+Solid Bodies: 4
|--+Sheet Bodies: 0
|--+End Assembly: 2
|--+Begin Assembly: 2
|--+Created SE Assembly File C:\Users\pablo\Desktop\SC_generator\03_SC_generator_3D_model\01_parts\SC_generator_PCB_3D_model\R12.asm
|  |--+Reusing File C:\Users\pablo\Desktop\SC_generator\03_SC_generator_3D_model\01_parts\SC_generator_PCB_3D_model\1206_SMD_Resistor.par
|--+Total Parts: 4
|--+Assemblies: 0
|--+Solid Bodies: 4
|--+Sheet Bodies: 0
|--+End Assembly: 2
|--+Begin Assembly: 2
|--+Created SE Assembly File C:\Users\pablo\Desktop\SC_generator\03_SC_generator_3D_model\01_parts\SC_generator_PCB_3D_model\S3.asm
|  |--+Begin Assembly: 3
|  |--+Created SE Assembly File C:\Users\pablo\Desktop\SC_generator\03_SC_generator_3D_model\01_parts\SC_generator_PCB_3D_model\947380672.asm
|  |  |--+Created SE Part File C:\Users\pablo\Desktop\SC_generator\03_SC_generator_3D_model\01_parts\SC_generator_PCB_3D_model\Cylinder.par
|  |--+Total Parts: 2
|  |--+Assemblies: 0
|  |--+Solid Bodies: 2
|  |--+Sheet Bodies: 0
|  |--+End Assembly: 3
|  |--+Begin Assembly: 3
|  |--+Created SE Assembly File C:\Users\pablo\Desktop\SC_generator\03_SC_generator_3D_model\01_parts\SC_generator_PCB_3D_model\788488728.asm
|  |  |--+Created SE Part File C:\Users\pablo\Desktop\SC_generator\03_SC_generator_3D_model\01_parts\SC_generator_PCB_3D_model\Extruded.par
|  |--+Total Parts: 2
|  |--+Assemblies: 0
|  |--+Solid Bodies: 2
|  |--+Sheet Bodies: 0
|  |--+End Assembly: 3
|--+Total Parts: 2
|--+Assemblies: 2
|--+Solid Bodies: 0
|--+Sheet Bodies: 0
|--+End Assembly: 2
|--+Begin Assembly: 2
|--+Created SE Assembly File C:\Users\pablo\Desktop\SC_generator\03_SC_generator_3D_model\01_parts\SC_generator_PCB_3D_model\U2.asm
|  |--+Created SE Part File C:\Users\pablo\Desktop\SC_generator\03_SC_generator_3D_model\01_parts\SC_generator_PCB_3D_model\SOIC-16-1.par
|--+Total Parts: 2
|--+Assemblies: 0
|--+Solid Bodies: 2
|--+Sheet Bodies: 0
|--+End Assembly: 2
|--+Begin Assembly: 2
|--+Created SE Assembly File C:\Users\pablo\Desktop\SC_generator\03_SC_generator_3D_model\01_parts\SC_generator_PCB_3D_model\U3.asm
|  |--+Created SE Part File C:\Users\pablo\Desktop\SC_generator\03_SC_generator_3D_model\01_parts\SC_generator_PCB_3D_model\SOIC8.par
|--+Total Parts: 2
|--+Assemblies: 0
|--+Solid Bodies: 2
|--+Sheet Bodies: 0
|--+End Assembly: 2
|--+Begin Assembly: 2
|--+Created SE Assembly File C:\Users\pablo\Desktop\SC_generator\03_SC_generator_3D_model\01_parts\SC_generator_PCB_3D_model\U4.asm
|  |--+Reusing File C:\Users\pablo\Desktop\SC_generator\03_SC_generator_3D_model\01_parts\SC_generator_PCB_3D_model\SOIC-16-1.par
|--+Total Parts: 1
|--+Assemblies: 0
|--+Solid Bodies: 1
|--+Sheet Bodies: 0
|--+End Assembly: 2
|--+Begin Assembly: 2
|--+Created SE Assembly File C:\Users\pablo\Desktop\SC_generator\03_SC_generator_3D_model\01_parts\SC_generator_PCB_3D_model\U5.asm
|  |--+Reusing File C:\Users\pablo\Desktop\SC_generator\03_SC_generator_3D_model\01_parts\SC_generator_PCB_3D_model\SOIC-16-1.par
|--+Total Parts: 1
|--+Assemblies: 0
|--+Solid Bodies: 1
|--+Sheet Bodies: 0
|--+End Assembly: 2
|--+Begin Assembly: 2
|--+Created SE Assembly File C:\Users\pablo\Desktop\SC_generator\03_SC_generator_3D_model\01_parts\SC_generator_PCB_3D_model\S1.asm
|  |--+Begin Assembly: 3
|  |--+Created SE Assembly File C:\Users\pablo\Desktop\SC_generator\03_SC_generator_3D_model\01_parts\SC_generator_PCB_3D_model\788489272.asm
|  |  |--+Created SE Part File C:\Users\pablo\Desktop\SC_generator\03_SC_generator_3D_model\01_parts\SC_generator_PCB_3D_model\Extruded_0.par
|  |--+Total Parts: 2
|  |--+Assemblies: 0
|  |--+Solid Bodies: 2
|  |--+Sheet Bodies: 0
|  |--+End Assembly: 3
|  |--+Begin Assembly: 3
|  |--+Created SE Assembly File C:\Users\pablo\Desktop\SC_generator\03_SC_generator_3D_model\01_parts\SC_generator_PCB_3D_model\788489136.asm
|  |  |--+Created SE Part File C:\Users\pablo\Desktop\SC_generator\03_SC_generator_3D_model\01_parts\SC_generator_PCB_3D_model\Extruded_1.par
|  |--+Total Parts: 2
|  |--+Assemblies: 0
|  |--+Solid Bodies: 2
|  |--+Sheet Bodies: 0
|  |--+End Assembly: 3
|--+Total Parts: 2
|--+Assemblies: 2
|--+Solid Bodies: 0
|--+Sheet Bodies: 0
|--+End Assembly: 2
|--+Begin Assembly: 2
|--+Created SE Assembly File C:\Users\pablo\Desktop\SC_generator\03_SC_generator_3D_model\01_parts\SC_generator_PCB_3D_model\S2.asm
|  |--+Created SE Part File C:\Users\pablo\Desktop\SC_generator\03_SC_generator_3D_model\01_parts\SC_generator_PCB_3D_model\switch_SPDT.par
|--+Total Parts: 2
|--+Assemblies: 0
|--+Solid Bodies: 2
|--+Sheet Bodies: 0
|--+End Assembly: 2
|--+Begin Assembly: 2
|--+Created SE Assembly File C:\Users\pablo\Desktop\SC_generator\03_SC_generator_3D_model\01_parts\SC_generator_PCB_3D_model\R9.asm
|  |--+Reusing File C:\Users\pablo\Desktop\SC_generator\03_SC_generator_3D_model\01_parts\SC_generator_PCB_3D_model\1206_SMD_Resistor.par
|--+Total Parts: 4
|--+Assemblies: 0
|--+Solid Bodies: 4
|--+Sheet Bodies: 0
|--+End Assembly: 2
|--+Begin Assembly: 2
|--+Created SE Assembly File C:\Users\pablo\Desktop\SC_generator\03_SC_generator_3D_model\01_parts\SC_generator_PCB_3D_model\D4.asm
|  |--+Reusing File C:\Users\pablo\Desktop\SC_generator\03_SC_generator_3D_model\01_parts\SC_generator_PCB_3D_model\SOD123.par
|--+Total Parts: 1
|--+Assemblies: 0
|--+Solid Bodies: 1
|--+Sheet Bodies: 0
|--+End Assembly: 2
+Total Parts: 42
+Assemblies: 40
+Solid Bodies: 2
+Sheet Bodies: 0
+End Assembly: 1
Translation process completed
Total time required to translate and post process:00 : 00 : 15
