Replace Symbol from C1 Cap Semi in C:\Users\pablo\Desktop\SC_generator\02_SC_generator_PCB\SC_generator.SchDoc with Cap Semi from PAM_capacitors.IntLib
Replace Symbol from C2 Cap Electrol in C:\Users\pablo\Desktop\SC_generator\02_SC_generator_PCB\SC_generator.SchDoc with Cap Electrol from PAM_capacitors.IntLib
Replace Symbol from C3 Cap Semi in C:\Users\pablo\Desktop\SC_generator\02_SC_generator_PCB\SC_generator.SchDoc with Cap Semi from PAM_capacitors.IntLib
Replace Symbol from C4 Cap Semi in C:\Users\pablo\Desktop\SC_generator\02_SC_generator_PCB\SC_generator.SchDoc with Cap Semi from PAM_capacitors.IntLib
Replace Symbol from C5 Cap Semi in C:\Users\pablo\Desktop\SC_generator\02_SC_generator_PCB\SC_generator.SchDoc with Cap Semi from PAM_capacitors.IntLib
Replace Symbol from C6 Cap Semi in C:\Users\pablo\Desktop\SC_generator\02_SC_generator_PCB\SC_generator.SchDoc with Cap Semi from PAM_capacitors.IntLib
Replace Symbol from C7 Cap Semi in C:\Users\pablo\Desktop\SC_generator\02_SC_generator_PCB\SC_generator.SchDoc with Cap Semi from PAM_capacitors.IntLib
Replace Symbol from C8 Cap Semi in C:\Users\pablo\Desktop\SC_generator\02_SC_generator_PCB\SC_generator.SchDoc with Cap Semi from PAM_capacitors.IntLib
Replace Symbol from C9 Cap Semi in C:\Users\pablo\Desktop\SC_generator\02_SC_generator_PCB\SC_generator.SchDoc with Cap Semi from PAM_capacitors.IntLib
Replace Symbol from C10 Cap Semi in C:\Users\pablo\Desktop\SC_generator\02_SC_generator_PCB\SC_generator.SchDoc with Cap Semi from PAM_capacitors.IntLib
Replace Symbol from C11 Cap Semi in C:\Users\pablo\Desktop\SC_generator\02_SC_generator_PCB\SC_generator.SchDoc with Cap Semi from PAM_capacitors.IntLib
Replace Symbol from D1 CHIPLED 0805 in C:\Users\pablo\Desktop\SC_generator\02_SC_generator_PCB\SC_generator.SchDoc with CHIPLED 0805 from PAM_diodes.IntLib
Replace Symbol from D2 CHIPLED 0805 in C:\Users\pablo\Desktop\SC_generator\02_SC_generator_PCB\SC_generator.SchDoc with CHIPLED 0805 from PAM_diodes.IntLib
Replace Symbol from D3 1N4148W in C:\Users\pablo\Desktop\SC_generator\02_SC_generator_PCB\SC_generator.SchDoc with 1N4148W from PAM_diodes.IntLib
Replace Symbol from P1 SKT_4mm in C:\Users\pablo\Desktop\SC_generator\02_SC_generator_PCB\SC_generator.SchDoc with SKT_4mm from PAM_connectors.IntLib
Replace Symbol from P2 MINUSB_B_R/A in C:\Users\pablo\Desktop\SC_generator\02_SC_generator_PCB\SC_generator.SchDoc with MINUSB_B_R/A from PAM_connectors.IntLib
Replace Symbol from P3 SKT_4mm in C:\Users\pablo\Desktop\SC_generator\02_SC_generator_PCB\SC_generator.SchDoc with SKT_4mm from PAM_connectors.IntLib
Replace Symbol from P4 TERM BLOCK 2.54MM 2POS in C:\Users\pablo\Desktop\SC_generator\02_SC_generator_PCB\SC_generator.SchDoc with TERM BLOCK 2.54MM 2POS from PAM_connectors.IntLib
Replace Symbol from Q1 STD20NF06LT4 in C:\Users\pablo\Desktop\SC_generator\02_SC_generator_PCB\SC_generator.SchDoc with STD20NF06LT4 from PAM_Transistors.IntLib
Replace Symbol from Q2 SMMBT5551LT1G in C:\Users\pablo\Desktop\SC_generator\02_SC_generator_PCB\SC_generator.SchDoc with SMMBT5551LT1G from PAM_Transistors.IntLib
Replace Symbol from R1 Res semi in C:\Users\pablo\Desktop\SC_generator\02_SC_generator_PCB\SC_generator.SchDoc with Res semi from PAM_resistors.IntLib
Replace Symbol from R2 Res semi in C:\Users\pablo\Desktop\SC_generator\02_SC_generator_PCB\SC_generator.SchDoc with Res semi from PAM_resistors.IntLib
Replace Symbol from R3 Res semi in C:\Users\pablo\Desktop\SC_generator\02_SC_generator_PCB\SC_generator.SchDoc with Res semi from PAM_resistors.IntLib
Replace Symbol from R4 Res semi in C:\Users\pablo\Desktop\SC_generator\02_SC_generator_PCB\SC_generator.SchDoc with Res semi from PAM_resistors.IntLib
Replace Symbol from R5 Res semi in C:\Users\pablo\Desktop\SC_generator\02_SC_generator_PCB\SC_generator.SchDoc with Res semi from PAM_resistors.IntLib
Replace Symbol from R6 Res semi in C:\Users\pablo\Desktop\SC_generator\02_SC_generator_PCB\SC_generator.SchDoc with Res semi from PAM_resistors.IntLib
Replace Symbol from R7 Res semi in C:\Users\pablo\Desktop\SC_generator\02_SC_generator_PCB\SC_generator.SchDoc with Res semi from PAM_resistors.IntLib
Replace Symbol from R8 Res semi in C:\Users\pablo\Desktop\SC_generator\02_SC_generator_PCB\SC_generator.SchDoc with Res semi from PAM_resistors.IntLib
Replace Symbol from R10 Res semi in C:\Users\pablo\Desktop\SC_generator\02_SC_generator_PCB\SC_generator.SchDoc with Res semi from PAM_resistors.IntLib
Replace Symbol from R11 Res semi in C:\Users\pablo\Desktop\SC_generator\02_SC_generator_PCB\SC_generator.SchDoc with Res semi from PAM_resistors.IntLib
Replace Symbol from R12 Res semi in C:\Users\pablo\Desktop\SC_generator\02_SC_generator_PCB\SC_generator.SchDoc with Res semi from PAM_resistors.IntLib
Replace Symbol from S1 SW SPST TH in C:\Users\pablo\Desktop\SC_generator\02_SC_generator_PCB\SC_generator.SchDoc with SW SPST TH from PAM_switches_buttons.IntLib
Replace Symbol from S3 BUTTON SPST in C:\Users\pablo\Desktop\SC_generator\02_SC_generator_PCB\SC_generator.SchDoc with BUTTON SPST from PAM_switches_buttons.IntLib
Replace Symbol from U1 TPS2113APW in C:\Users\pablo\Desktop\SC_generator\02_SC_generator_PCB\SC_generator.SchDoc with TPS2113APW from PAM_ICs.IntLib
Replace Symbol from U2 74HC4052D in C:\Users\pablo\Desktop\SC_generator\02_SC_generator_PCB\SC_generator.SchDoc with 74HC4052D from PAM_ICs.IntLib
Replace Symbol from U3 LM555 in C:\Users\pablo\Desktop\SC_generator\02_SC_generator_PCB\SC_generator.SchDoc with LM555 from PAM_ICs.IntLib
Replace Symbol from U4 74HC4052D in C:\Users\pablo\Desktop\SC_generator\02_SC_generator_PCB\SC_generator.SchDoc with 74HC4052D from PAM_ICs.IntLib
Replace Symbol from U5 74HC4052D in C:\Users\pablo\Desktop\SC_generator\02_SC_generator_PCB\SC_generator.SchDoc with 74HC4052D from PAM_ICs.IntLib
