Replace Part 1N4148W 1N4148W in C:\Users\pablo\Desktop\SC_generator\02_SC_generator_PCB\SC_generator.SchDoc with 1N4148W from PAM_diodes.IntLib
Replace Part C? Cap Semi in C:\Users\pablo\Desktop\SC_generator\02_SC_generator_PCB\SC_generator.SchDoc with Cap Semi from PAM_capacitors.IntLib
Replace Part C? Cap Semi in C:\Users\pablo\Desktop\SC_generator\02_SC_generator_PCB\SC_generator.SchDoc with Cap Semi from PAM_capacitors.IntLib
Replace Part C? Cap Semi in C:\Users\pablo\Desktop\SC_generator\02_SC_generator_PCB\SC_generator.SchDoc with Cap Semi from PAM_capacitors.IntLib
Replace Part C? Cap Semi in C:\Users\pablo\Desktop\SC_generator\02_SC_generator_PCB\SC_generator.SchDoc with Cap Semi from PAM_capacitors.IntLib
Replace Part C? Cap Electrol in C:\Users\pablo\Desktop\SC_generator\02_SC_generator_PCB\SC_generator.SchDoc with Cap Electrol from PAM_capacitors.IntLib
Replace Part C? Cap Semi in C:\Users\pablo\Desktop\SC_generator\02_SC_generator_PCB\SC_generator.SchDoc with Cap Semi from PAM_capacitors.IntLib
Replace Part C? Cap Semi in C:\Users\pablo\Desktop\SC_generator\02_SC_generator_PCB\SC_generator.SchDoc with Cap Semi from PAM_capacitors.IntLib
Replace Part C? Cap Semi in C:\Users\pablo\Desktop\SC_generator\02_SC_generator_PCB\SC_generator.SchDoc with Cap Semi from PAM_capacitors.IntLib
Replace Part C? Cap Semi in C:\Users\pablo\Desktop\SC_generator\02_SC_generator_PCB\SC_generator.SchDoc with Cap Semi from PAM_capacitors.IntLib
Replace Part C? Cap Semi in C:\Users\pablo\Desktop\SC_generator\02_SC_generator_PCB\SC_generator.SchDoc with Cap Semi from PAM_capacitors.IntLib
Replace Part C? Cap Semi in C:\Users\pablo\Desktop\SC_generator\02_SC_generator_PCB\SC_generator.SchDoc with Cap Semi from PAM_capacitors.IntLib
Replace Part D? CHIPLED 0805 in C:\Users\pablo\Desktop\SC_generator\02_SC_generator_PCB\SC_generator.SchDoc with CHIPLED 0805 from PAM_diodes.IntLib
Replace Part D? CHIPLED 0805 in C:\Users\pablo\Desktop\SC_generator\02_SC_generator_PCB\SC_generator.SchDoc with CHIPLED 0805 from PAM_diodes.IntLib
Replace Part P? SKT_4mm in C:\Users\pablo\Desktop\SC_generator\02_SC_generator_PCB\SC_generator.SchDoc with SKT_4mm from PAM_connectors.IntLib
Replace Part P? SKT_4mm in C:\Users\pablo\Desktop\SC_generator\02_SC_generator_PCB\SC_generator.SchDoc with SKT_4mm from PAM_connectors.IntLib
Replace Part P? TERM BLOCK 2.54MM 2POS in C:\Users\pablo\Desktop\SC_generator\02_SC_generator_PCB\SC_generator.SchDoc with TERM BLOCK 2.54MM 2POS from PAM_connectors.IntLib
Replace Part P? MINUSB_B_R/A in C:\Users\pablo\Desktop\SC_generator\02_SC_generator_PCB\SC_generator.SchDoc with MINUSB_B_R/A from PAM_connectors.IntLib
Replace Part Q? STD20NF06LT4 in C:\Users\pablo\Desktop\SC_generator\02_SC_generator_PCB\SC_generator.SchDoc with STD20NF06LT4 from PAM_Transistors.IntLib
Replace Part Q? SMMBT5551LT1G in C:\Users\pablo\Desktop\SC_generator\02_SC_generator_PCB\SC_generator.SchDoc with SMMBT5551LT1G from PAM_Transistors.IntLib
Replace Part R? Res semi in C:\Users\pablo\Desktop\SC_generator\02_SC_generator_PCB\SC_generator.SchDoc with Res semi from PAM_resistors.IntLib
Replace Part R? Res semi in C:\Users\pablo\Desktop\SC_generator\02_SC_generator_PCB\SC_generator.SchDoc with Res semi from PAM_resistors.IntLib
Replace Part R? Res semi in C:\Users\pablo\Desktop\SC_generator\02_SC_generator_PCB\SC_generator.SchDoc with Res semi from PAM_resistors.IntLib
Replace Part R? Res semi in C:\Users\pablo\Desktop\SC_generator\02_SC_generator_PCB\SC_generator.SchDoc with Res semi from PAM_resistors.IntLib
Replace Part R? Res semi in C:\Users\pablo\Desktop\SC_generator\02_SC_generator_PCB\SC_generator.SchDoc with Res semi from PAM_resistors.IntLib
Replace Part R? Res semi in C:\Users\pablo\Desktop\SC_generator\02_SC_generator_PCB\SC_generator.SchDoc with Res semi from PAM_resistors.IntLib
Replace Part R? Res semi in C:\Users\pablo\Desktop\SC_generator\02_SC_generator_PCB\SC_generator.SchDoc with Res semi from PAM_resistors.IntLib
Replace Part R? Res semi in C:\Users\pablo\Desktop\SC_generator\02_SC_generator_PCB\SC_generator.SchDoc with Res semi from PAM_resistors.IntLib
Replace Part R? Res semi in C:\Users\pablo\Desktop\SC_generator\02_SC_generator_PCB\SC_generator.SchDoc with Res semi from PAM_resistors.IntLib
Replace Part R? Res semi in C:\Users\pablo\Desktop\SC_generator\02_SC_generator_PCB\SC_generator.SchDoc with Res semi from PAM_resistors.IntLib
Replace Part R? Res semi in C:\Users\pablo\Desktop\SC_generator\02_SC_generator_PCB\SC_generator.SchDoc with Res semi from PAM_resistors.IntLib
Replace Part S? SW SPST TH in C:\Users\pablo\Desktop\SC_generator\02_SC_generator_PCB\SC_generator.SchDoc with SW SPST TH from PAM_switches_buttons.IntLib
Replace Part S? BUTTON SPST in C:\Users\pablo\Desktop\SC_generator\02_SC_generator_PCB\SC_generator.SchDoc with BUTTON SPST from PAM_switches_buttons.IntLib
Replace Part U? TPS2113APW in C:\Users\pablo\Desktop\SC_generator\02_SC_generator_PCB\SC_generator.SchDoc with TPS2113APW from PAM_ICs.IntLib
Replace Part U? LM555 in C:\Users\pablo\Desktop\SC_generator\02_SC_generator_PCB\SC_generator.SchDoc with LM555 from PAM_ICs.IntLib
Replace Part U? 74HC4052D in C:\Users\pablo\Desktop\SC_generator\02_SC_generator_PCB\SC_generator.SchDoc with 74HC4052D from PAM_ICs.IntLib
Replace Part U? 74HC4052D in C:\Users\pablo\Desktop\SC_generator\02_SC_generator_PCB\SC_generator.SchDoc with 74HC4052D from PAM_ICs.IntLib
Replace Part U? 74HC4052D in C:\Users\pablo\Desktop\SC_generator\02_SC_generator_PCB\SC_generator.SchDoc with 74HC4052D from PAM_ICs.IntLib
