STEP translation to Solid Edge
Date: miércoles,mayo 02,2018 10:10
Source File: C:\Users\pablo\Desktop\SC_generator\03_SC_generator_3D_model\01_parts\9V_batt\batt 9v al.step
Author: Unknown
Organization: Unknown
Source System: SolidWorks 2018

Hardware:
Processor: Intel(R) Core(TM) i7-3630QM CPU @ 2.40GHz
Operating System: Windows 8 Professional
Installed Memory: 7.89 GB

Software Information
Parasolid Version: 29.0.122
PSBodyShop Version: 29.0.68
Step Adapter Version: 2.0.152
Solid Edge Version: 109.00.00.111 x64

Step Import Options
Import Faceted Bodies: On
Import Check Bodies: Off
Import Curves: On
Import DoNotSave: On
Import Multiple Bodies As Single Part File: On
Import Stitch Surfaces: On
Import Boolean Solids: On
Make Base Feature: On
Simplify Geometry: On
Import Imprint Curves: On
Import Drive: C:
Import Stitch Surfaces: On
Import Surfaces: On
Import Output Path: C:\Users\pablo\Desktop\SC_generator\03_SC_generator_3D_model\01_parts\9V_batt
Import Enable Default Output Path: On
Import Path: 

Translating to Parasolid data types...
Translation process completed
Total time required to translate and post process:00 : 00 : 00
