Sun Aug 28 18:50:42 2016				Page     1


 
Update Symbols/Modules Logfile
	Sun Aug 28 18:50:42 2016

------ Module Refresh Messages ------

SUMMARY:    Updated 0 out of 0 modules

------ End Module Messages     ------



(---------------------------------------------------------------------)
(                                                                     )
(    Refresh Symbol                                                   )
(                                                                     )
(    Drawing          : INSOLADORA_ROUTED.brd                         )
(    Software Version : 16.6P004                                      )
(    Date/Time        : Sun Aug 28 18:50:43 2016                      )
(                                                                     )
(---------------------------------------------------------------------)


Sun Aug 28 18:50:43 2016				Page     1


------ Symbol Refresh Directives ------

Input design = 'C:/Users/Usuario/Desktop/Insoladora_v2/Insoladora_PCB/INSOLADORA_ROUTED.brd'
Output design = ''
Update mechanical symbols = 'NO'
Update format symbols = 'NO'
Update package symbols = 'NO'
Update shape/flash symbols = 'NO'
Update symbol padstacks = 'NO'
Reset symbol text and size locations = 'NO'
Reset Pin Escapes (fanouts) = 'NO'
Ripup Etch = 'NO'
Reset custom drill data = 'NO'
Symbol list file = 'C:/Users/Usuario/AppData/Local/Temp/#Taaaaaj07512.tmp'


------ Library Paths ------
PSMPATH =  . 
           symbols 
           .. 
           ../symbols 
           C:/Cadence/SPB_16.6/share/local/pcb/symbols 
           C:/Cadence/SPB_16.6/share/pcb/pcb_lib/symbols 
           C:/Cadence/SPB_16.6/share/pcb/allegrolib/symbols 
           C:/Cadence/SPB_16.6/share/pcb/pcb_lib/symbols/ 

PADPATH =  . 
           symbols 
           .. 
           ../symbols 
           C:/Cadence/SPB_16.6/share/local/pcb/padstacks 
           C:/Cadence/SPB_16.6/share/pcb/pcb_lib/symbols 
           C:/Cadence/SPB_16.6/share/pcb/allegrolib/symbols 
           C:/Cadence/SPB_16.6/share/pcb/pcb_lib/symbols/ 


------ Symbol Refresh Messages ------

'LMB162H_LCD'  symbol refreshed successfully.


----- Symbol Update Summary ----

Completed refreshing all symbols successfully.
