Added Component: Designator=D1(led_UV)
Added Component: Designator=D2(led_UV)
Added Component: Designator=D3(led_UV)
Added Component: Designator=P1(HDR1X2)
Added Component: Designator=R1(AXIAL-0.3)
Added Pin To Net: NetName=GND Pin=D3-0
Added Pin To Net: NetName=GND Pin=P1-1
Added Pin To Net: NetName=VCC Pin=P1-2
Added Pin To Net: NetName=VCC Pin=R1-2
Added Pin To Net: NetName=NetD1_0 Pin=D1-0
Added Pin To Net: NetName=NetD1_0 Pin=D2-1
Added Net: Name=NetD1_0
Added Pin To Net: NetName=NetD1_1 Pin=D1-1
Added Pin To Net: NetName=NetD1_1 Pin=R1-1
Added Net: Name=NetD1_1
Added Pin To Net: NetName=NetD2_0 Pin=D2-0
Added Pin To Net: NetName=NetD2_0 Pin=D3-1
Added Net: Name=NetD2_0
Added Member To Class: ClassName=LEDS_BOARD Member=Component D1 LED diode
Added Member To Class: ClassName=LEDS_BOARD Member=Component D2 LED diode
Added Member To Class: ClassName=LEDS_BOARD Member=Component D3 LED diode
Added Member To Class: ClassName=LEDS_BOARD Member=Component P1 Header 2
Added Member To Class: ClassName=LEDS_BOARD Member=Component R1 Res1
Added Room: Name=LEDS_BOARD
