(---------------------------------------------------------------------)
(                                                                     )
(    Allegro Netrev Import Logic                                      )
(                                                                     )
(    Drawing          : INSOLADORA_ROUTED.brd                         )
(    Software Version : 16.6P004                                      )
(    Date/Time        : Sat Aug 27 17:53:02 2016                      )
(                                                                     )
(---------------------------------------------------------------------)


------ Directives ------

RIPUP_ETCH FALSE;
RIPUP_DELETE_FIRST_SEGMENT FALSE;
RIPUP_RETAIN_BONDWIRE FALSE;
RIPUP_SYMBOLS ALWAYS;
Missing symbol has error FALSE;
SCHEMATIC_DIRECTORY 'C:\USERS\USUARIO\DESKTOP\INSOLADORA_V2\INSOLADORA_ESQUEMATICOS\allegro';
BOARD_DIRECTORY 'C:/Users/Usuario/Desktop/Insoladora_v2/Insoladora_PCB';
OLD_BOARD_NAME 'C:/Users/Usuario/Desktop/Insoladora_v2/Insoladora_PCB/INSOLADORA_ROUTED.brd';
NEW_BOARD_NAME 'C:/Users/Usuario/Desktop/Insoladora_v2/Insoladora_PCB/INSOLADORA_ROUTED.brd';

CmdLine: netrev.exe -y 1 -i C:\USERS\USUARIO\DESKTOP\INSOLADORA_V2\INSOLADORA_ESQUEMATICOS\allegro C:\Users\Usuario\Desktop\Insoladora_v2\Insoladora_PCB\INSOLADORA_ROUTED.brd C:\Users\Usuario\Desktop\Insoladora_v2\Insoladora_PCB\INSOLADORA_ROUTED.brd

------ Preparing to read pst files ------

Starting to read C:/USERS/USUARIO/DESKTOP/INSOLADORA_V2/INSOLADORA_ESQUEMATICOS/allegro/pstchip.dat 
   Finished reading C:/USERS/USUARIO/DESKTOP/INSOLADORA_V2/INSOLADORA_ESQUEMATICOS/allegro/pstchip.dat (00:00:00.10)
Starting to read C:/USERS/USUARIO/DESKTOP/INSOLADORA_V2/INSOLADORA_ESQUEMATICOS/allegro/pstxprt.dat 
   Finished reading C:/USERS/USUARIO/DESKTOP/INSOLADORA_V2/INSOLADORA_ESQUEMATICOS/allegro/pstxprt.dat (00:00:00.00)
Starting to read C:/USERS/USUARIO/DESKTOP/INSOLADORA_V2/INSOLADORA_ESQUEMATICOS/allegro/pstxnet.dat 
   Finished reading C:/USERS/USUARIO/DESKTOP/INSOLADORA_V2/INSOLADORA_ESQUEMATICOS/allegro/pstxnet.dat (00:00:00.01)

------ Oversights/Warnings/Errors ------


------ Library Paths ------
MODULEPATH =  . 
           C:/Cadence/SPB_16.6/share/local/pcb/modules 

PSMPATH =  . 
           symbols 
           .. 
           ../symbols 
           C:/Cadence/SPB_16.6/share/local/pcb/symbols 
           C:/Cadence/SPB_16.6/share/pcb/pcb_lib/symbols 
           C:/Cadence/SPB_16.6/share/pcb/allegrolib/symbols 
           C:/Cadence/SPB_16.6/share/pcb/pcb_lib/symbols/ 

PADPATH =  . 
           symbols 
           .. 
           ../symbols 
           C:/Cadence/SPB_16.6/share/local/pcb/padstacks 
           C:/Cadence/SPB_16.6/share/pcb/pcb_lib/symbols 
           C:/Cadence/SPB_16.6/share/pcb/allegrolib/symbols 
           C:/Cadence/SPB_16.6/share/pcb/pcb_lib/symbols/ 


------ Summary Statistics ------


netrev run on Aug 27 17:53:02 2016
   DESIGN NAME : 'INSOLADORA_ESQUEMATICO'
   PACKAGING ON Sep 10 2012 04:46:09

   COMPILE 'logic'
   CHECK_PIN_NAMES OFF
   CROSS_REFERENCE OFF
   FEEDBACK OFF
   INCREMENTAL OFF
   INTERFACE_TYPE PHYSICAL
   MAX_ERRORS 500
   MERGE_MINIMUM 5
   NET_NAME_CHARS '#%&()*+-./:=>?@[]^_`|'
   NET_NAME_LENGTH 24
   OVERSIGHTS ON
   REPLACE_CHECK OFF
   SINGLE_NODE_NETS ON
   SPLIT_MINIMUM 0
   SUPPRESS   20
   WARNINGS ON

 No error detected
 No oversight detected
 No warning detected

cpu time      0:01:47
elapsed time  0:00:00

